{"numFailedTestSuites":1,"numFailedTests":2,"numPassedTestSuites":0,"numPassedTests":54,"numPendingTestSuites":0,"numPendingTests":0,"numRuntimeErrorTestSuites":0,"numTodoTests":0,"numTotalTestSuites":1,"numTotalTests":56,"openHandles":[],"snapshot":{"added":0,"didUpdate":false,"failure":false,"filesAdded":0,"filesRemoved":0,"filesRemovedList":[],"filesUnmatched":0,"filesUpdated":0,"matched":0,"total":0,"unchecked":0,"uncheckedKeysByFile":[],"unmatched":0,"updated":0},"startTime":1781371615821,"success":false,"testResults":[{"assertionResults":[{"ancestorTitles":["AgentLoopService"],"duration":11,"failureDetails":[],"failureMessages":[],"fullName":"AgentLoopService returns the final answer when the model answers directly","invocations":1,"location":null,"numPassingAsserts":4,"retryReasons":[],"status":"passed","title":"returns the final answer when the model answers directly"},{"ancestorTitles":["AgentLoopService"],"duration":4,"failureDetails":[],"failureMessages":[],"fullName":"AgentLoopService executes a tool, feeds the observation back, and finishes","invocations":1,"location":null,"numPassingAsserts":6,"retryReasons":[],"status":"passed","title":"executes a tool, feeds the observation back, and finishes"},{"ancestorTitles":["AgentLoopService"],"duration":5,"failureDetails":[],"failureMessages":[],"fullName":"AgentLoopService checkpoints and completes an org-scoped trajectory for root runs","invocations":1,"location":null,"numPassingAsserts":2,"retryReasons":[],"status":"passed","title":"checkpoints and completes an org-scoped trajectory for root runs"},{"ancestorTitles":["AgentLoopService"],"duration":3,"failureDetails":[],"failureMessages":[],"fullName":"AgentLoopService escalates decide budget after a tool error and records the budget trail","invocations":1,"location":null,"numPassingAsserts":3,"retryReasons":[],"status":"passed","title":"escalates decide budget after a tool error and records the budget trail"},{"ancestorTitles":["AgentLoopService"],"duration":3,"failureDetails":[],"failureMessages":[],"fullName":"AgentLoopService executes multiple native read-only tool calls concurrently in one loop cycle","invocations":1,"location":null,"numPassingAsserts":5,"retryReasons":[],"status":"passed","title":"executes multiple native read-only tool calls concurrently in one loop cycle"},{"ancestorTitles":["AgentLoopService"],"duration":3,"failureDetails":[],"failureMessages":[],"fullName":"AgentLoopService reports unknown tools as observations and keeps going","invocations":1,"location":null,"numPassingAsserts":2,"retryReasons":[],"status":"passed","title":"reports unknown tools as observations and keeps going"},{"ancestorTitles":["AgentLoopService"],"duration":2,"failureDetails":[],"failureMessages":[],"fullName":"AgentLoopService blocks identical repeated actions with a loop-guard observation","invocations":1,"location":null,"numPassingAsserts":3,"retryReasons":[],"status":"passed","title":"blocks identical repeated actions with a loop-guard observation"},{"ancestorTitles":["AgentLoopService"],"duration":5,"failureDetails":[],"failureMessages":[],"fullName":"AgentLoopService synthesises an answer when steps run out with findings gathered","invocations":1,"location":null,"numPassingAsserts":4,"retryReasons":[],"status":"passed","title":"synthesises an answer when steps run out with findings gathered"},{"ancestorTitles":["AgentLoopService"],"duration":3,"failureDetails":[],"failureMessages":[],"fullName":"AgentLoopService aborts after two consecutive unparseable decisions","invocations":1,"location":null,"numPassingAsserts":2,"retryReasons":[],"status":"passed","title":"aborts after two consecutive unparseable decisions"},{"ancestorTitles":["AgentLoopService"],"duration":3,"failureDetails":[],"failureMessages":[],"fullName":"AgentLoopService delegates a sub-goal to a sub-agent and uses its answer as observation","invocations":1,"location":null,"numPassingAsserts":4,"retryReasons":[],"status":"passed","title":"delegates a sub-goal to a sub-agent and uses its answer as observation"},{"ancestorTitles":["AgentLoopService"],"duration":2,"failureDetails":[],"failureMessages":[],"fullName":"AgentLoopService hides delegate from sub-agents (no infinite recursion)","invocations":1,"location":null,"numPassingAsserts":1,"retryReasons":[],"status":"passed","title":"hides delegate from sub-agents (no infinite recursion)"},{"ancestorTitles":["AgentLoopService"],"duration":14,"failureDetails":[],"failureMessages":[],"fullName":"AgentLoopService propagates MissingInformationError so agent-runner can raise a form","invocations":1,"location":null,"numPassingAsserts":1,"retryReasons":[],"status":"passed","title":"propagates MissingInformationError so agent-runner can raise a form"},{"ancestorTitles":["AgentLoopService"],"duration":3,"failureDetails":[],"failureMessages":[],"fullName":"AgentLoopService turns tool failures into ERROR observations instead of crashing","invocations":1,"location":null,"numPassingAsserts":2,"retryReasons":[],"status":"passed","title":"turns tool failures into ERROR observations instead of crashing"},{"ancestorTitles":["AgentLoopService"],"duration":2,"failureDetails":[],"failureMessages":[],"fullName":"AgentLoopService uses memory_recall and formats memories with dates","invocations":1,"location":null,"numPassingAsserts":2,"retryReasons":[],"status":"passed","title":"uses memory_recall and formats memories with dates"},{"ancestorTitles":["AgentLoopService"],"duration":2,"failureDetails":[],"failureMessages":[],"fullName":"AgentLoopService executes literal model-written code in the task sandbox session","invocations":1,"location":null,"numPassingAsserts":3,"retryReasons":[],"status":"passed","title":"executes literal model-written code in the task sandbox session"},{"ancestorTitles":["AgentLoopService"],"duration":4,"failureDetails":[],"failureMessages":[],"fullName":"AgentLoopService routes code_execute to a parallel session when the model picks one","invocations":1,"location":null,"numPassingAsserts":1,"retryReasons":[],"status":"passed","title":"routes code_execute to a parallel session when the model picks one"},{"ancestorTitles":["AgentLoopService"],"duration":2,"failureDetails":[],"failureMessages":[],"fullName":"AgentLoopService feeds sandbox errors back so the model can fix its own code","invocations":1,"location":null,"numPassingAsserts":4,"retryReasons":[],"status":"passed","title":"feeds sandbox errors back so the model can fix its own code"},{"ancestorTitles":["AgentLoopService"],"duration":2,"failureDetails":[],"failureMessages":[],"fullName":"AgentLoopService routes network execution through the Approval Engine instead of running it","invocations":1,"location":null,"numPassingAsserts":4,"retryReasons":[],"status":"passed","title":"routes network execution through the Approval Engine instead of running it"},{"ancestorTitles":["AgentLoopService"],"duration":2,"failureDetails":[],"failureMessages":[],"fullName":"AgentLoopService runs network execution directly in session when EVA_SANDBOX_ALLOW_NETWORK=true","invocations":1,"location":null,"numPassingAsserts":4,"retryReasons":[],"status":"passed","title":"runs network execution directly in session when EVA_SANDBOX_ALLOW_NETWORK=true"},{"ancestorTitles":["AgentLoopService"],"duration":4,"failureDetails":[],"failureMessages":[],"fullName":"AgentLoopService runs terminal commands and reads background output","invocations":1,"location":null,"numPassingAsserts":3,"retryReasons":[],"status":"passed","title":"runs terminal commands and reads background output"},{"ancestorTitles":["AgentLoopService"],"duration":2,"failureDetails":[],"failureMessages":[],"fullName":"AgentLoopService answers a waiting interactive prompt via terminal_input","invocations":1,"location":null,"numPassingAsserts":2,"retryReasons":[],"status":"passed","title":"answers a waiting interactive prompt via terminal_input"},{"ancestorTitles":["AgentLoopService"],"duration":2,"failureDetails":[],"failureMessages":[],"fullName":"AgentLoopService injects relevant saved skills into the prompt and runs them via skill_run","invocations":1,"location":null,"numPassingAsserts":5,"retryReasons":[],"status":"passed","title":"injects relevant saved skills into the prompt and runs them via skill_run"},{"ancestorTitles":["AgentLoopService"],"duration":2,"failureDetails":[],"failureMessages":[],"fullName":"AgentLoopService reports missing skills as observations","invocations":1,"location":null,"numPassingAsserts":1,"retryReasons":[],"status":"passed","title":"reports missing skills as observations"},{"ancestorTitles":["AgentLoopService"],"duration":1,"failureDetails":[],"failureMessages":[],"fullName":"AgentLoopService lists available secret aliases in the prompt without exposing values","invocations":1,"location":null,"numPassingAsserts":3,"retryReasons":[],"status":"passed","title":"lists available secret aliases in the prompt without exposing values"},{"ancestorTitles":["AgentLoopService"],"duration":4,"failureDetails":[],"failureMessages":[],"fullName":"AgentLoopService passes the delegated role into the sub-agent prompt","invocations":1,"location":null,"numPassingAsserts":2,"retryReasons":[],"status":"passed","title":"passes the delegated role into the sub-agent prompt"},{"ancestorTitles":["AgentLoopService"],"duration":2,"failureDetails":[],"failureMessages":[],"fullName":"AgentLoopService advertises the specialist roles in the delegate catalog and orchestration rule","invocations":1,"location":null,"numPassingAsserts":5,"retryReasons":[],"status":"passed","title":"advertises the specialist roles in the delegate catalog and orchestration rule"},{"ancestorTitles":["AgentLoopService"],"duration":2,"failureDetails":[{"matcherResult":{"message":"expect(received).not.toContain(expected) // indexOf\n\nExpected substring: not \"telegram_send_file\"\nReceived string:        \"Eres EVA en modo agente autónomo, actuando como investigador. Resuelve el OBJETIVO eligiendo UNA acción por turno.\nESPECIALIDAD — investigación: contrasta al menos dos fuentes antes de afirmar algo, cita datos concretos (cifras, fechas, nombres) y distingue hechos verificados de suposiciones. Entrega hallazgos verificables, no opiniones.\n\nHERRAMIENTAS:\n- web_search{\\\"query\\\"}: busca en internet/APIs públicas (clima, noticias, precios, lugares, datos actuales).\n- gmail_read{\\\"query\\\"?}: lee correos del usuario; query opcional estilo Gmail (from:, subject:, texto).\n- calendar_read{\\\"days\\\"?}: agenda próxima del usuario (local + Google Calendar).\n- drive_read{\\\"query\\\"}: busca archivos/carpetas en el Google Drive del usuario.\n- memory_recall{\\\"query\\\"}: recuerda conversaciones, datos y soluciones pasadas del usuario.\n- code_execute{\\\"language\\\":\\\"python|node|bash\\\",\\\"code\\\",\\\"network\\\"?,\\\"session\\\"?}: ejecuta TU código literal en el sandbox de la tarea. /work persiste entre pasos; imprime resultados por stdout. python/bash corren en una terminal VIVA (cwd y env compartidos con terminal_run de la misma \\\"session\\\"); usa \\\"session\\\" (0-9) para correr en paralelo (ej. server en 1, pruebas en 0). Sin red por defecto (pasa \\\"network\\\":true para descargar de internet o llamar APIs externas; en este entorno la red está permitida y no requiere aprobación humana). Python incluye requests/pandas/numpy si la imagen eva-sandbox está instalada.\n- image_analyze{\\\"path\\\",\\\"prompt\\\"?}: analiza una imagen (captura de pantalla, foto, etc.) guardada en el sandbox (ruta relativa o absoluta) o desde una URL pública, usando un modelo de visión para extraer texto, leer códigos o resolver dudas contextuales.\n- sandbox_ls{\\\"path\\\"?}: lista los archivos en /work del sandbox de la tarea (o en un subdirectorio). Usa esto para verificar que un archivo fue descargado antes de enviarlo.\n- final_answer{\\\"text\\\"}: entrega la respuesta final al usuario (español, directa).\n\nREGLAS:\n- Antes de resolver desde cero, revisa el índice de skills del prompt (## Skills). Si alguna aplica, cárgala con skill_view{\\\"slug\\\":\\\"...\\\"} y sigue sus instrucciones.\n- Tras una tarea compleja (≥5 pasos de herramientas) o un fix difícil, guarda el enfoque como skill con skill_manage{\\\"action\\\":\\\"create\\\",...}. Si una skill que cargaste estaba desactualizada, corrígela con skill_manage{\\\"action\\\":\\\"patch\\\",...}.\n- Para código: divide en pasos lógicos, pero sé eficiente para no agotar tus pasos límite. Puedes escribir scripts completos que realicen múltiples acciones (como buscar, crear directorios y descargar) en una sola ejecución de code_execute.\n- Si una herramienta devuelve ERROR, NO repitas lo mismo ni te rindas: corrige los args, prueba otra herramienta o un enfoque distinto (ej. web_search si falla una API, code_execute si falla una búsqueda).\n- Nunca declares éxito con salida parcial, timeout o un proceso aún corriendo: verifica con una ejecución/lectura antes de final_answer.\n- NUNCA inventes salida que ninguna herramienta produjo (datos, contenidos de archivo, respuestas de API). Reportar un bloqueo honesto siempre vale más que un resultado fabricado.\n- Las herramientas de escritura y envío (ej: telegram_send_file, whatsapp_send, gmail_write, calendar_write, schedule_job_manage) están diseñadas para ejecutar acciones reales. Si el usuario te pide enviar o modificar algo, utiliza la herramienta correspondiente directamente. Si alguna requiere confirmación o aprobación, la herramienta misma registrará la solicitud de aprobación automáticamente en el sistema y te lo indicará en su respuesta.\n- Tienes acceso legítimo y autorizado por el usuario para interactuar con sus cuentas y aplicaciones locales/externas (WhatsApp, Gmail, Calendar, Drive, Uber, Rappi) a través de tus herramientas. NUNCA respondas diciendo que no tienes acceso a información personal, privada o externa. Si tienes la herramienta, úsala y reporta el resultado de forma directa.\n- Sé resolutivo y ten iniciativa (alta agencia): si el usuario te pide una tarea (descargar videos, crear carpetas, automatizar flujos, enviar archivos, etc.), ejecútala tú mismo usando code_execute o terminal_run en el sandbox o las herramientas disponibles. Está PROHIBIDO responder dándole instrucciones al usuario para que lo haga manualmente si tienes la capacidad de programar o ejecutar la solución en el sandbox.\n- Evita ciclos infinitos de búsqueda (web_search loops): si necesitas obtener datos en masa o enlaces (como videos de YouTube o contenidos de webs), no realices múltiples web_search manuales secuenciales. En su lugar, usa code_execute para ejecutar un script de Python o Bash que busque y procese la información automáticamente de forma directa en un solo paso (ej. usando yt-dlp con \\\"ytsearch5:...\\\" para buscar y descargar directamente).\n- PROHIBIDO cerrar con \\\"no se pudo\\\" a secas: si algo queda fuera de tu alcance, tu final_answer DEBE traer lo que SÍ conseguiste + 2-3 opciones concretas numeradas con verbos de acción (ej. \\\"1. Conecta X en Integraciones. 2. Dime los datos Y. 3. Reintenta con Z.\\\"). Una lista de opciones o una pregunta directa son obligatorias.\nResponde SOLO con JSON: {\\\"thought\\\":\\\"breve\\\",\\\"tool\\\":\\\"<nombre>\\\",\\\"args\\\":{...}}\"","pass":true}}],"failureMessages":["Error: expect(received).not.toContain(expected) // indexOf\n\nExpected substring: not \"telegram_send_file\"\nReceived string:        \"Eres EVA en modo agente autónomo, actuando como investigador. Resuelve el OBJETIVO eligiendo UNA acción por turno.\nESPECIALIDAD — investigación: contrasta al menos dos fuentes antes de afirmar algo, cita datos concretos (cifras, fechas, nombres) y distingue hechos verificados de suposiciones. Entrega hallazgos verificables, no opiniones.\n\nHERRAMIENTAS:\n- web_search{\\\"query\\\"}: busca en internet/APIs públicas (clima, noticias, precios, lugares, datos actuales).\n- gmail_read{\\\"query\\\"?}: lee correos del usuario; query opcional estilo Gmail (from:, subject:, texto).\n- calendar_read{\\\"days\\\"?}: agenda próxima del usuario (local + Google Calendar).\n- drive_read{\\\"query\\\"}: busca archivos/carpetas en el Google Drive del usuario.\n- memory_recall{\\\"query\\\"}: recuerda conversaciones, datos y soluciones pasadas del usuario.\n- code_execute{\\\"language\\\":\\\"python|node|bash\\\",\\\"code\\\",\\\"network\\\"?,\\\"session\\\"?}: ejecuta TU código literal en el sandbox de la tarea. /work persiste entre pasos; imprime resultados por stdout. python/bash corren en una terminal VIVA (cwd y env compartidos con terminal_run de la misma \\\"session\\\"); usa \\\"session\\\" (0-9) para correr en paralelo (ej. server en 1, pruebas en 0). Sin red por defecto (pasa \\\"network\\\":true para descargar de internet o llamar APIs externas; en este entorno la red está permitida y no requiere aprobación humana). Python incluye requests/pandas/numpy si la imagen eva-sandbox está instalada.\n- image_analyze{\\\"path\\\",\\\"prompt\\\"?}: analiza una imagen (captura de pantalla, foto, etc.) guardada en el sandbox (ruta relativa o absoluta) o desde una URL pública, usando un modelo de visión para extraer texto, leer códigos o resolver dudas contextuales.\n- sandbox_ls{\\\"path\\\"?}: lista los archivos en /work del sandbox de la tarea (o en un subdirectorio). Usa esto para verificar que un archivo fue descargado antes de enviarlo.\n- final_answer{\\\"text\\\"}: entrega la respuesta final al usuario (español, directa).\n\nREGLAS:\n- Antes de resolver desde cero, revisa el índice de skills del prompt (## Skills). Si alguna aplica, cárgala con skill_view{\\\"slug\\\":\\\"...\\\"} y sigue sus instrucciones.\n- Tras una tarea compleja (≥5 pasos de herramientas) o un fix difícil, guarda el enfoque como skill con skill_manage{\\\"action\\\":\\\"create\\\",...}. Si una skill que cargaste estaba desactualizada, corrígela con skill_manage{\\\"action\\\":\\\"patch\\\",...}.\n- Para código: divide en pasos lógicos, pero sé eficiente para no agotar tus pasos límite. Puedes escribir scripts completos que realicen múltiples acciones (como buscar, crear directorios y descargar) en una sola ejecución de code_execute.\n- Si una herramienta devuelve ERROR, NO repitas lo mismo ni te rindas: corrige los args, prueba otra herramienta o un enfoque distinto (ej. web_search si falla una API, code_execute si falla una búsqueda).\n- Nunca declares éxito con salida parcial, timeout o un proceso aún corriendo: verifica con una ejecución/lectura antes de final_answer.\n- NUNCA inventes salida que ninguna herramienta produjo (datos, contenidos de archivo, respuestas de API). Reportar un bloqueo honesto siempre vale más que un resultado fabricado.\n- Las herramientas de escritura y envío (ej: telegram_send_file, whatsapp_send, gmail_write, calendar_write, schedule_job_manage) están diseñadas para ejecutar acciones reales. Si el usuario te pide enviar o modificar algo, utiliza la herramienta correspondiente directamente. Si alguna requiere confirmación o aprobación, la herramienta misma registrará la solicitud de aprobación automáticamente en el sistema y te lo indicará en su respuesta.\n- Tienes acceso legítimo y autorizado por el usuario para interactuar con sus cuentas y aplicaciones locales/externas (WhatsApp, Gmail, Calendar, Drive, Uber, Rappi) a través de tus herramientas. NUNCA respondas diciendo que no tienes acceso a información personal, privada o externa. Si tienes la herramienta, úsala y reporta el resultado de forma directa.\n- Sé resolutivo y ten iniciativa (alta agencia): si el usuario te pide una tarea (descargar videos, crear carpetas, automatizar flujos, enviar archivos, etc.), ejecútala tú mismo usando code_execute o terminal_run en el sandbox o las herramientas disponibles. Está PROHIBIDO responder dándole instrucciones al usuario para que lo haga manualmente si tienes la capacidad de programar o ejecutar la solución en el sandbox.\n- Evita ciclos infinitos de búsqueda (web_search loops): si necesitas obtener datos en masa o enlaces (como videos de YouTube o contenidos de webs), no realices múltiples web_search manuales secuenciales. En su lugar, usa code_execute para ejecutar un script de Python o Bash que busque y procese la información automáticamente de forma directa en un solo paso (ej. usando yt-dlp con \\\"ytsearch5:...\\\" para buscar y descargar directamente).\n- PROHIBIDO cerrar con \\\"no se pudo\\\" a secas: si algo queda fuera de tu alcance, tu final_answer DEBE traer lo que SÍ conseguiste + 2-3 opciones concretas numeradas con verbos de acción (ej. \\\"1. Conecta X en Integraciones. 2. Dime los datos Y. 3. Reintenta con Z.\\\"). Una lista de opciones o una pregunta directa son obligatorias.\nResponde SOLO con JSON: {\\\"thought\\\":\\\"breve\\\",\\\"tool\\\":\\\"<nombre>\\\",\\\"args\\\":{...}}\"\n    at Object.<anonymous> (/Users/djoker/code/eva02/apps/eva-core/src/agent/__tests__/agent-loop.service.spec.ts:678:27)"],"fullName":"AgentLoopService restricts the tool catalog of a specialist sub-agent to its profile","invocations":1,"location":null,"numPassingAsserts":2,"retryReasons":[],"status":"failed","title":"restricts the tool catalog of a specialist sub-agent to its profile"},{"ancestorTitles":["AgentLoopService"],"duration":2,"failureDetails":[],"failureMessages":[],"fullName":"AgentLoopService normalizes free-form roles to the closest specialist profile","invocations":1,"location":null,"numPassingAsserts":2,"retryReasons":[],"status":"passed","title":"normalizes free-form roles to the closest specialist profile"},{"ancestorTitles":["AgentLoopService"],"duration":4,"failureDetails":[],"failureMessages":[],"fullName":"AgentLoopService passes the root findings as context to the delegated sub-agent","invocations":1,"location":null,"numPassingAsserts":2,"retryReasons":[],"status":"passed","title":"passes the root findings as context to the delegated sub-agent"},{"ancestorTitles":["AgentLoopService"],"duration":2,"failureDetails":[],"failureMessages":[],"fullName":"AgentLoopService reports sub-agent failures with the last error and adaptation guidance","invocations":1,"location":null,"numPassingAsserts":2,"retryReasons":[],"status":"passed","title":"reports sub-agent failures with the last error and adaptation guidance"},{"ancestorTitles":["AgentLoopService"],"duration":1,"failureDetails":[],"failureMessages":[],"fullName":"AgentLoopService feeds a format hint back after an unparseable decision instead of retrying blind","invocations":1,"location":null,"numPassingAsserts":3,"retryReasons":[],"status":"passed","title":"feeds a format hint back after an unparseable decision instead of retrying blind"},{"ancestorTitles":["AgentLoopService"],"duration":2,"failureDetails":[],"failureMessages":[],"fullName":"AgentLoopService delivers honest options instead of a dry failure when every step errored","invocations":1,"location":null,"numPassingAsserts":5,"retryReasons":[],"status":"passed","title":"delivers honest options instead of a dry failure when every step errored"},{"ancestorTitles":["AgentLoopService"],"duration":2,"failureDetails":[],"failureMessages":[],"fullName":"AgentLoopService still fails dry for sub-agents so the root can adapt (no recovery at depth 1)","invocations":1,"location":null,"numPassingAsserts":3,"retryReasons":[],"status":"passed","title":"still fails dry for sub-agents so the root can adapt (no recovery at depth 1)"},{"ancestorTitles":["AgentLoopService"],"duration":5,"failureDetails":[],"failureMessages":[],"fullName":"AgentLoopService memorizes the working solution as procedural memory after code success","invocations":1,"location":null,"numPassingAsserts":1,"retryReasons":[],"status":"passed","title":"memorizes the working solution as procedural memory after code success"},{"ancestorTitles":["AgentLoopService"],"duration":1,"failureDetails":[],"failureMessages":[],"fullName":"AgentLoopService does not memorize solutions for read-only tool runs","invocations":1,"location":null,"numPassingAsserts":1,"retryReasons":[],"status":"passed","title":"does not memorize solutions for read-only tool runs"},{"ancestorTitles":["AgentLoopService"],"duration":2,"failureDetails":[],"failureMessages":[],"fullName":"AgentLoopService saves proven code as a reusable skill when the model calls skill_save","invocations":1,"location":null,"numPassingAsserts":3,"retryReasons":[],"status":"passed","title":"saves proven code as a reusable skill when the model calls skill_save"},{"ancestorTitles":["AgentLoopService"],"duration":2,"failureDetails":[],"failureMessages":[],"fullName":"AgentLoopService surfaces SkillGuard blocks to the model as ERROR observations","invocations":1,"location":null,"numPassingAsserts":1,"retryReasons":[],"status":"passed","title":"surfaces SkillGuard blocks to the model as ERROR observations"},{"ancestorTitles":["AgentLoopService"],"duration":4,"failureDetails":[],"failureMessages":[],"fullName":"AgentLoopService auto-sediments the last working code as a skill when the model forgets to save","invocations":1,"location":null,"numPassingAsserts":1,"retryReasons":[],"status":"passed","title":"auto-sediments the last working code as a skill when the model forgets to save"},{"ancestorTitles":["AgentLoopService"],"duration":2,"failureDetails":[],"failureMessages":[],"fullName":"AgentLoopService does not auto-sediment when the model already saved a skill explicitly","invocations":1,"location":null,"numPassingAsserts":2,"retryReasons":[],"status":"passed","title":"does not auto-sediment when the model already saved a skill explicitly"},{"ancestorTitles":["AgentLoopService"],"duration":2,"failureDetails":[],"failureMessages":[],"fullName":"AgentLoopService does not auto-sediment trivial one-liners","invocations":1,"location":null,"numPassingAsserts":1,"retryReasons":[],"status":"passed","title":"does not auto-sediment trivial one-liners"},{"ancestorTitles":["AgentLoopService"],"duration":3,"failureDetails":[{"matcherResult":{"message":"expect(received).toContain(expected) // indexOf\n\nExpected substring: \"inspeccionar→preparar→ejecutar→verificar\"\nReceived string:    \"Eres EVA en modo agente autónomo. Resuelve el OBJETIVO eligiendo UNA acción por turno.·\nHERRAMIENTAS:\n- web_search{\\\"query\\\"}: busca en internet/APIs públicas (clima, noticias, precios, lugares, datos actuales).\n- gmail_read{\\\"query\\\"?}: lee correos del usuario; query opcional estilo Gmail (from:, subject:, texto).\n- calendar_read{\\\"days\\\"?}: agenda próxima del usuario (local + Google Calendar).\n- drive_read{\\\"query\\\"}: busca archivos/carpetas en el Google Drive del usuario.\n- memory_recall{\\\"query\\\"}: recuerda conversaciones, datos y soluciones pasadas del usuario.\n- ask_user{\\\"question\\\",\\\"options\\\"?}: pregunta al usuario cuando falta una decisión o dato crítico; pausa la tarea en waiting_for_input.\n- code_execute{\\\"language\\\":\\\"python|node|bash\\\",\\\"code\\\",\\\"network\\\"?,\\\"session\\\"?}: ejecuta TU código literal en el sandbox de la tarea. /work persiste entre pasos; imprime resultados por stdout. python/bash corren en una terminal VIVA (cwd y env compartidos con terminal_run de la misma \\\"session\\\"); usa \\\"session\\\" (0-9) para correr en paralelo (ej. server en 1, pruebas en 0). Sin red por defecto (pasa \\\"network\\\":true para descargar de internet o llamar APIs externas; en este entorno la red está permitida y no requiere aprobación humana). Python incluye requests/pandas/numpy si la imagen eva-sandbox está instalada.\n- terminal_run{\\\"cmd\\\",\\\"session\\\"?,\\\"background\\\"?}: comando de shell en una terminal VIVA del sandbox (cwd /work, estado persistente: cd, export, venv). \\\"session\\\" (0-9) abre terminales paralelas (ej. server en 1, pruebas en 0). Si el comando pide input verás [SISTEMA: espera input] → responde con terminal_input. Si sigue corriendo, léelo con terminal_output. background:true lo lanza detached.\n- terminal_input{\\\"keyboard\\\",\\\"session\\\"?}: envía texto al stdin de un comando que está esperando input (cuando terminal_run/code_execute reportó [SISTEMA: espera input]). Ej. \\\"y\\\" para confirmar, una contraseña, o una respuesta a un prompt.\n- terminal_output{\\\"session\\\"?}: reanuda la lectura de un comando que seguía corriendo en una terminal viva (o lee el log de un proceso en background).\n- skill_run{\\\"slug\\\"}: re-ejecuta una skill guardada (código ya probado) en el sandbox, sin regenerarla.\n- skill_save{\\\"name\\\",\\\"description\\\",\\\"language\\\":\\\"python|node|bash\\\",\\\"code\\\"}: guarda código YA PROBADO como skill reutilizable (pasa por un escáner de seguridad). Úsalo tras verificar que funciona; mismo name = nueva versión.\n- skill_view{\\\"slug\\\",\\\"file_path\\\"?}: carga el contenido completo de una skill (SKILL.md) o un archivo de soporte (references/api.md, templates/config.yaml, scripts/check.sh). Usa cuando el índice de skills indica que una es relevante.\n- skill_manage{\\\"action\\\":\\\"create|patch|edit|write_file|remove_file|delete\\\",\\\"slug\\\",\\\"content_md\\\"?,...}: gestiona skills como memoria procedimental. create=nueva skill, patch=find&replace, edit=reescribir, write_file=guardar archivo de soporte, delete=archivar.\n- script_forge{\\\"spec\\\"}: pide a un modelo especializado escribir Y ejecutar un script completo (queda registrado como skill reutilizable). Prefiere code_execute para iterar tú mismo.\n- delegate{\\\"goal\\\",\\\"role\\\"?}: delega un sub-objetivo acotado a un sub-agente especializado. Roles: investigador (busca y verifica datos en fuentes externas); programador (escribe, ejecuta y corrige código en el sandbox); planeador (descompone objetivos complejos en pasos delegables); seguridad (audita riesgos de código y acciones antes de entregar). Divide tareas grandes; no delegues el objetivo completo.\n- image_analyze{\\\"path\\\",\\\"prompt\\\"?}: analiza una imagen (captura de pantalla, foto, etc.) guardada en el sandbox (ruta relativa o absoluta) o desde una URL pública, usando un modelo de visión para extraer texto, leer códigos o resolver dudas contextuales.\n- sandbox_ls{\\\"path\\\"?}: lista los archivos en /work del sandbox de la tarea (o en un subdirectorio). Usa esto para verificar que un archivo fue descargado antes de enviarlo.\n- telegram_send_file{\\\"file\\\",\\\"caption\\\"?,\\\"chat_id\\\"?}: envía un archivo del workspace (/work) directamente a Telegram. file=nombre del archivo (ej. \\\"video.mp4\\\"). Si no se especifica chat_id, se usa el de la conversación activa de la tarea.\n- whatsapp_send{\\\"contact\\\",\\\"text\\\"}: prepara y envía un mensaje de WhatsApp. El envío real requiere aprobación humana.\n- whatsapp_read{\\\"contact\\\"?,\\\"unread_only\\\"?,\\\"unanswered_only\\\"?}: lee mensajes recientes de WhatsApp. contact: nombre de contacto opcional. unread_only: solo mensajes sin leer. unanswered_only: solo chats pendientes de responder.\n- uber_quote{\\\"origin\\\",\\\"destination\\\"}: obtiene una cotización/tarifa estimada de Uber para una ruta.\n- uber_login{\\\"email\\\",\\\"password\\\"?}: inicia el flujo de login por correo en Uber. Enviará un OTP al correo del usuario y después tendrás que pedirle al usuario el código usando ask_user.\n- rappi_login{\\\"email\\\"}: inicia el flujo de login por correo en Rappi. Enviará un OTP y tendrás que pedirle al usuario el código usando ask_user.\n- gmail_write{\\\"action\\\":\\\"send|reply|trash|archive|mark_read|mark_unread\\\",\\\"to\\\"?,\\\"subject\\\"?,\\\"body\\\"?,\\\"message_id\\\"?}: realiza operaciones de escritura en Gmail. to, subject, body son requeridos para \\\"send\\\". body, message_id son requeridos para \\\"reply\\\". message_id es requerido para \\\"trash|archive|mark_read|mark_unread\\\". Todo cambio requiere aprobación humana.\n- calendar_write{\\\"action\\\":\\\"create|delete\\\",\\\"summary\\\"?,\\\"start_time\\\"?,\\\"end_time\\\"?,\\\"description\\\"?,\\\"event_id\\\"?}: realiza operaciones de escritura en Google Calendar. requiere aprobación humana.\n- schedule_job_manage{\\\"action\\\":\\\"create|list|pause|resume|delete\\\",\\\"title\\\"?,\\\"cron_expression\\\"?,\\\"description\\\"?,\\\"job_id\\\"?}: programa o gestiona tareas recurrentes o recordatorios en background.\n- final_answer{\\\"text\\\"}: entrega la respuesta final al usuario (español, directa).·\nREGLAS:\n- Objetivos complejos (varias partes, código + datos externos): delega primero a \\\"planeador\\\" para descomponer, ejecuta las subpartes con \\\"investigador\\\"/\\\"programador\\\", y si generaste código sensible o acciones con riesgo, valida con \\\"seguridad\\\" antes del final_answer. Cada sub-agente recibe tus hallazgos previos.\n- Antes de resolver desde cero, revisa el índice de skills del prompt (## Skills). Si alguna aplica, cárgala con skill_view{\\\"slug\\\":\\\"...\\\"} y sigue sus instrucciones.\n- Tras una tarea compleja (≥5 pasos de herramientas) o un fix difícil, guarda el enfoque como skill con skill_manage{\\\"action\\\":\\\"create\\\",...}. Si una skill que cargaste estaba desactualizada, corrígela con skill_manage{\\\"action\\\":\\\"patch\\\",...}.\n- Para código: divide en pasos lógicos, pero sé eficiente para no agotar tus pasos límite. Puedes escribir scripts completos que realicen múltiples acciones (como buscar, crear directorios y descargar) en una sola ejecución de code_execute.\n- Para descargar medios/videos (YouTube, Platzi, etc.): el sandbox tiene preinstalado y listo para usar yt-dlp y ffmpeg. Escribe código de Python o Bash que use yt-dlp directamente para descargar el video/audio a /work. IMPORTANTE: Para que yt-dlp funcione y tenga acceso a internet, debes pasar el argumento \\\"network\\\": true al llamar a code_execute. Luego usa telegram_send_file para enviarlo. Evita clonar repositorios externos o instalar paquetes pesados.\n- Para reportes/archivos solicitados por el usuario: usa code_execute para crear el archivo en /work, verifica que exista con sandbox_ls si hace falta, y después usa telegram_send_file si el usuario pidió enviarlo por Telegram.\n- Si una herramienta devuelve ERROR, NO repitas lo mismo ni te rindas: corrige los args, prueba otra herramienta o un enfoque distinto (ej. web_search si falla una API, code_execute si falla una búsqueda).\n- Nunca declares éxito con salida parcial, timeout o un proceso aún corriendo: verifica con una ejecución/lectura antes de final_answer.\n- NUNCA inventes salida que ninguna herramienta produjo (datos, contenidos de archivo, respuestas de API). Reportar un bloqueo honesto siempre vale más que un resultado fabricado.\n- Cuando un código funcione y resuelva algo no trivial (un fix, un método, un flujo), guárdalo con skill_save ANTES de final_answer. Si una skill que ejecutaste salió mal o desactualizada, corrígela y vuelve a guardarla con el mismo name.\n- Las herramientas de escritura y envío (ej: telegram_send_file, whatsapp_send, gmail_write, calendar_write, schedule_job_manage) están diseñadas para ejecutar acciones reales. Si el usuario te pide enviar o modificar algo, utiliza la herramienta correspondiente directamente. Si alguna requiere confirmación o aprobación, la herramienta misma registrará la solicitud de aprobación automáticamente en el sistema y te lo indicará en su respuesta.\n- Tienes acceso legítimo y autorizado por el usuario para interactuar con sus cuentas y aplicaciones locales/externas (WhatsApp, Gmail, Calendar, Drive, Uber, Rappi) a través de tus herramientas. NUNCA respondas diciendo que no tienes acceso a información personal, privada o externa. Si tienes la herramienta, úsala y reporta el resultado de forma directa.\n- Sé resolutivo y ten iniciativa (alta agencia): si el usuario te pide una tarea (descargar videos, crear carpetas, automatizar flujos, enviar archivos, etc.), ejecútala tú mismo usando code_execute o terminal_run en el sandbox o las herramientas disponibles. Está PROHIBIDO responder dándole instrucciones al usuario para que lo haga manualmente si tienes la capacidad de programar o ejecutar la solución en el sandbox.\n- Evita ciclos infinitos de búsqueda (web_search loops): si necesitas obtener datos en masa o enlaces (como videos de YouTube o contenidos de webs), no realices múltiples web_search manuales secuenciales. En su lugar, usa code_execute para ejecutar un script de Python o Bash que busque y procese la información automáticamente de forma directa en un solo paso (ej. usando yt-dlp con \\\"ytsearch5:...\\\" para buscar y descargar directamente).\n- PROHIBIDO cerrar con \\\"no se pudo\\\" a secas: si algo queda fuera de tu alcance, tu final_answer DEBE traer lo que SÍ conseguiste + 2-3 opciones concretas numeradas con verbos de acción (ej. \\\"1. Conecta X en Integraciones. 2. Dime los datos Y. 3. Reintenta con Z.\\\"). Una lista de opciones o una pregunta directa son obligatorias.\nResponde SOLO con JSON: {\\\"thought\\\":\\\"breve\\\",\\\"tool\\\":\\\"<nombre>\\\",\\\"args\\\":{...}}\"","pass":false}}],"failureMessages":["Error: expect(received).toContain(expected) // indexOf\n\nExpected substring: \"inspeccionar→preparar→ejecutar→verificar\"\nReceived string:    \"Eres EVA en modo agente autónomo. Resuelve el OBJETIVO eligiendo UNA acción por turno.·\nHERRAMIENTAS:\n- web_search{\\\"query\\\"}: busca en internet/APIs públicas (clima, noticias, precios, lugares, datos actuales).\n- gmail_read{\\\"query\\\"?}: lee correos del usuario; query opcional estilo Gmail (from:, subject:, texto).\n- calendar_read{\\\"days\\\"?}: agenda próxima del usuario (local + Google Calendar).\n- drive_read{\\\"query\\\"}: busca archivos/carpetas en el Google Drive del usuario.\n- memory_recall{\\\"query\\\"}: recuerda conversaciones, datos y soluciones pasadas del usuario.\n- ask_user{\\\"question\\\",\\\"options\\\"?}: pregunta al usuario cuando falta una decisión o dato crítico; pausa la tarea en waiting_for_input.\n- code_execute{\\\"language\\\":\\\"python|node|bash\\\",\\\"code\\\",\\\"network\\\"?,\\\"session\\\"?}: ejecuta TU código literal en el sandbox de la tarea. /work persiste entre pasos; imprime resultados por stdout. python/bash corren en una terminal VIVA (cwd y env compartidos con terminal_run de la misma \\\"session\\\"); usa \\\"session\\\" (0-9) para correr en paralelo (ej. server en 1, pruebas en 0). Sin red por defecto (pasa \\\"network\\\":true para descargar de internet o llamar APIs externas; en este entorno la red está permitida y no requiere aprobación humana). Python incluye requests/pandas/numpy si la imagen eva-sandbox está instalada.\n- terminal_run{\\\"cmd\\\",\\\"session\\\"?,\\\"background\\\"?}: comando de shell en una terminal VIVA del sandbox (cwd /work, estado persistente: cd, export, venv). \\\"session\\\" (0-9) abre terminales paralelas (ej. server en 1, pruebas en 0). Si el comando pide input verás [SISTEMA: espera input] → responde con terminal_input. Si sigue corriendo, léelo con terminal_output. background:true lo lanza detached.\n- terminal_input{\\\"keyboard\\\",\\\"session\\\"?}: envía texto al stdin de un comando que está esperando input (cuando terminal_run/code_execute reportó [SISTEMA: espera input]). Ej. \\\"y\\\" para confirmar, una contraseña, o una respuesta a un prompt.\n- terminal_output{\\\"session\\\"?}: reanuda la lectura de un comando que seguía corriendo en una terminal viva (o lee el log de un proceso en background).\n- skill_run{\\\"slug\\\"}: re-ejecuta una skill guardada (código ya probado) en el sandbox, sin regenerarla.\n- skill_save{\\\"name\\\",\\\"description\\\",\\\"language\\\":\\\"python|node|bash\\\",\\\"code\\\"}: guarda código YA PROBADO como skill reutilizable (pasa por un escáner de seguridad). Úsalo tras verificar que funciona; mismo name = nueva versión.\n- skill_view{\\\"slug\\\",\\\"file_path\\\"?}: carga el contenido completo de una skill (SKILL.md) o un archivo de soporte (references/api.md, templates/config.yaml, scripts/check.sh). Usa cuando el índice de skills indica que una es relevante.\n- skill_manage{\\\"action\\\":\\\"create|patch|edit|write_file|remove_file|delete\\\",\\\"slug\\\",\\\"content_md\\\"?,...}: gestiona skills como memoria procedimental. create=nueva skill, patch=find&replace, edit=reescribir, write_file=guardar archivo de soporte, delete=archivar.\n- script_forge{\\\"spec\\\"}: pide a un modelo especializado escribir Y ejecutar un script completo (queda registrado como skill reutilizable). Prefiere code_execute para iterar tú mismo.\n- delegate{\\\"goal\\\",\\\"role\\\"?}: delega un sub-objetivo acotado a un sub-agente especializado. Roles: investigador (busca y verifica datos en fuentes externas); programador (escribe, ejecuta y corrige código en el sandbox); planeador (descompone objetivos complejos en pasos delegables); seguridad (audita riesgos de código y acciones antes de entregar). Divide tareas grandes; no delegues el objetivo completo.\n- image_analyze{\\\"path\\\",\\\"prompt\\\"?}: analiza una imagen (captura de pantalla, foto, etc.) guardada en el sandbox (ruta relativa o absoluta) o desde una URL pública, usando un modelo de visión para extraer texto, leer códigos o resolver dudas contextuales.\n- sandbox_ls{\\\"path\\\"?}: lista los archivos en /work del sandbox de la tarea (o en un subdirectorio). Usa esto para verificar que un archivo fue descargado antes de enviarlo.\n- telegram_send_file{\\\"file\\\",\\\"caption\\\"?,\\\"chat_id\\\"?}: envía un archivo del workspace (/work) directamente a Telegram. file=nombre del archivo (ej. \\\"video.mp4\\\"). Si no se especifica chat_id, se usa el de la conversación activa de la tarea.\n- whatsapp_send{\\\"contact\\\",\\\"text\\\"}: prepara y envía un mensaje de WhatsApp. El envío real requiere aprobación humana.\n- whatsapp_read{\\\"contact\\\"?,\\\"unread_only\\\"?,\\\"unanswered_only\\\"?}: lee mensajes recientes de WhatsApp. contact: nombre de contacto opcional. unread_only: solo mensajes sin leer. unanswered_only: solo chats pendientes de responder.\n- uber_quote{\\\"origin\\\",\\\"destination\\\"}: obtiene una cotización/tarifa estimada de Uber para una ruta.\n- uber_login{\\\"email\\\",\\\"password\\\"?}: inicia el flujo de login por correo en Uber. Enviará un OTP al correo del usuario y después tendrás que pedirle al usuario el código usando ask_user.\n- rappi_login{\\\"email\\\"}: inicia el flujo de login por correo en Rappi. Enviará un OTP y tendrás que pedirle al usuario el código usando ask_user.\n- gmail_write{\\\"action\\\":\\\"send|reply|trash|archive|mark_read|mark_unread\\\",\\\"to\\\"?,\\\"subject\\\"?,\\\"body\\\"?,\\\"message_id\\\"?}: realiza operaciones de escritura en Gmail. to, subject, body son requeridos para \\\"send\\\". body, message_id son requeridos para \\\"reply\\\". message_id es requerido para \\\"trash|archive|mark_read|mark_unread\\\". Todo cambio requiere aprobación humana.\n- calendar_write{\\\"action\\\":\\\"create|delete\\\",\\\"summary\\\"?,\\\"start_time\\\"?,\\\"end_time\\\"?,\\\"description\\\"?,\\\"event_id\\\"?}: realiza operaciones de escritura en Google Calendar. requiere aprobación humana.\n- schedule_job_manage{\\\"action\\\":\\\"create|list|pause|resume|delete\\\",\\\"title\\\"?,\\\"cron_expression\\\"?,\\\"description\\\"?,\\\"job_id\\\"?}: programa o gestiona tareas recurrentes o recordatorios en background.\n- final_answer{\\\"text\\\"}: entrega la respuesta final al usuario (español, directa).·\nREGLAS:\n- Objetivos complejos (varias partes, código + datos externos): delega primero a \\\"planeador\\\" para descomponer, ejecuta las subpartes con \\\"investigador\\\"/\\\"programador\\\", y si generaste código sensible o acciones con riesgo, valida con \\\"seguridad\\\" antes del final_answer. Cada sub-agente recibe tus hallazgos previos.\n- Antes de resolver desde cero, revisa el índice de skills del prompt (## Skills). Si alguna aplica, cárgala con skill_view{\\\"slug\\\":\\\"...\\\"} y sigue sus instrucciones.\n- Tras una tarea compleja (≥5 pasos de herramientas) o un fix difícil, guarda el enfoque como skill con skill_manage{\\\"action\\\":\\\"create\\\",...}. Si una skill que cargaste estaba desactualizada, corrígela con skill_manage{\\\"action\\\":\\\"patch\\\",...}.\n- Para código: divide en pasos lógicos, pero sé eficiente para no agotar tus pasos límite. Puedes escribir scripts completos que realicen múltiples acciones (como buscar, crear directorios y descargar) en una sola ejecución de code_execute.\n- Para descargar medios/videos (YouTube, Platzi, etc.): el sandbox tiene preinstalado y listo para usar yt-dlp y ffmpeg. Escribe código de Python o Bash que use yt-dlp directamente para descargar el video/audio a /work. IMPORTANTE: Para que yt-dlp funcione y tenga acceso a internet, debes pasar el argumento \\\"network\\\": true al llamar a code_execute. Luego usa telegram_send_file para enviarlo. Evita clonar repositorios externos o instalar paquetes pesados.\n- Para reportes/archivos solicitados por el usuario: usa code_execute para crear el archivo en /work, verifica que exista con sandbox_ls si hace falta, y después usa telegram_send_file si el usuario pidió enviarlo por Telegram.\n- Si una herramienta devuelve ERROR, NO repitas lo mismo ni te rindas: corrige los args, prueba otra herramienta o un enfoque distinto (ej. web_search si falla una API, code_execute si falla una búsqueda).\n- Nunca declares éxito con salida parcial, timeout o un proceso aún corriendo: verifica con una ejecución/lectura antes de final_answer.\n- NUNCA inventes salida que ninguna herramienta produjo (datos, contenidos de archivo, respuestas de API). Reportar un bloqueo honesto siempre vale más que un resultado fabricado.\n- Cuando un código funcione y resuelva algo no trivial (un fix, un método, un flujo), guárdalo con skill_save ANTES de final_answer. Si una skill que ejecutaste salió mal o desactualizada, corrígela y vuelve a guardarla con el mismo name.\n- Las herramientas de escritura y envío (ej: telegram_send_file, whatsapp_send, gmail_write, calendar_write, schedule_job_manage) están diseñadas para ejecutar acciones reales. Si el usuario te pide enviar o modificar algo, utiliza la herramienta correspondiente directamente. Si alguna requiere confirmación o aprobación, la herramienta misma registrará la solicitud de aprobación automáticamente en el sistema y te lo indicará en su respuesta.\n- Tienes acceso legítimo y autorizado por el usuario para interactuar con sus cuentas y aplicaciones locales/externas (WhatsApp, Gmail, Calendar, Drive, Uber, Rappi) a través de tus herramientas. NUNCA respondas diciendo que no tienes acceso a información personal, privada o externa. Si tienes la herramienta, úsala y reporta el resultado de forma directa.\n- Sé resolutivo y ten iniciativa (alta agencia): si el usuario te pide una tarea (descargar videos, crear carpetas, automatizar flujos, enviar archivos, etc.), ejecútala tú mismo usando code_execute o terminal_run en el sandbox o las herramientas disponibles. Está PROHIBIDO responder dándole instrucciones al usuario para que lo haga manualmente si tienes la capacidad de programar o ejecutar la solución en el sandbox.\n- Evita ciclos infinitos de búsqueda (web_search loops): si necesitas obtener datos en masa o enlaces (como videos de YouTube o contenidos de webs), no realices múltiples web_search manuales secuenciales. En su lugar, usa code_execute para ejecutar un script de Python o Bash que busque y procese la información automáticamente de forma directa en un solo paso (ej. usando yt-dlp con \\\"ytsearch5:...\\\" para buscar y descargar directamente).\n- PROHIBIDO cerrar con \\\"no se pudo\\\" a secas: si algo queda fuera de tu alcance, tu final_answer DEBE traer lo que SÍ conseguiste + 2-3 opciones concretas numeradas con verbos de acción (ej. \\\"1. Conecta X en Integraciones. 2. Dime los datos Y. 3. Reintenta con Z.\\\"). Una lista de opciones o una pregunta directa son obligatorias.\nResponde SOLO con JSON: {\\\"thought\\\":\\\"breve\\\",\\\"tool\\\":\\\"<nombre>\\\",\\\"args\\\":{...}}\"\n    at Object.<anonymous> (/Users/djoker/code/eva02/apps/eva-core/src/agent/__tests__/agent-loop.service.spec.ts:885:20)"],"fullName":"AgentLoopService exposes the verification discipline rules in every decide prompt","invocations":1,"location":null,"numPassingAsserts":0,"retryReasons":[],"status":"failed","title":"exposes the verification discipline rules in every decide prompt"},{"ancestorTitles":["AgentLoopService"],"duration":2,"failureDetails":[],"failureMessages":[],"fullName":"AgentLoopService keeps the static system identical across steps so the prefix stays cacheable","invocations":1,"location":null,"numPassingAsserts":2,"retryReasons":[],"status":"passed","title":"keeps the static system identical across steps so the prefix stays cacheable"},{"ancestorTitles":["AgentLoopService"],"duration":4,"failureDetails":[],"failureMessages":[],"fullName":"AgentLoopService compacts older observations but keeps the two most recent at full fidelity","invocations":1,"location":null,"numPassingAsserts":3,"retryReasons":[],"status":"passed","title":"compacts older observations but keeps the two most recent at full fidelity"},{"ancestorTitles":["AgentLoopService"],"duration":1,"failureDetails":[],"failureMessages":[],"fullName":"AgentLoopService reads native toolCalls from model response instead of parsing JSON text","invocations":1,"location":null,"numPassingAsserts":4,"retryReasons":[],"status":"passed","title":"reads native toolCalls from model response instead of parsing JSON text"},{"ancestorTitles":["AgentLoopService"],"duration":2,"failureDetails":[],"failureMessages":[],"fullName":"AgentLoopService passes tool definitions to generate() with required toolChoice on every decide call","invocations":1,"location":null,"numPassingAsserts":7,"retryReasons":[],"status":"passed","title":"passes tool definitions to generate() with required toolChoice on every decide call"},{"ancestorTitles":["AgentLoopService"],"duration":2,"failureDetails":[],"failureMessages":[],"fullName":"AgentLoopService detects semantic stall when the same tool+observation repeats in the window","invocations":1,"location":null,"numPassingAsserts":2,"retryReasons":[],"status":"passed","title":"detects semantic stall when the same tool+observation repeats in the window"},{"ancestorTitles":["AgentLoopService"],"duration":5,"failureDetails":[],"failureMessages":[],"fullName":"AgentLoopService injects stall guidance and lets the model close with final_answer after three identical errors","invocations":1,"location":null,"numPassingAsserts":2,"retryReasons":[],"status":"passed","title":"injects stall guidance and lets the model close with final_answer after three identical errors"},{"ancestorTitles":["AgentLoopService"],"duration":2,"failureDetails":[],"failureMessages":[],"fullName":"AgentLoopService blocks final_answer when the last code step failed and forces the model to fix it","invocations":1,"location":null,"numPassingAsserts":3,"retryReasons":[],"status":"passed","title":"blocks final_answer when the last code step failed and forces the model to fix it"},{"ancestorTitles":["AgentLoopService"],"duration":2,"failureDetails":[],"failureMessages":[],"fullName":"AgentLoopService accepts final_answer directly when it is an honest failure report (DoD does not block)","invocations":1,"location":null,"numPassingAsserts":2,"retryReasons":[],"status":"passed","title":"accepts final_answer directly when it is an honest failure report (DoD does not block)"},{"ancestorTitles":["AgentLoopService"],"duration":2,"failureDetails":[],"failureMessages":[],"fullName":"AgentLoopService generates DoD criteria for long tasks and audits final_answer against them","invocations":1,"location":null,"numPassingAsserts":3,"retryReasons":[],"status":"passed","title":"generates DoD criteria for long tasks and audits final_answer against them"},{"ancestorTitles":["AgentLoopService","image_analyze tool"],"duration":3,"failureDetails":[],"failureMessages":[],"fullName":"AgentLoopService image_analyze tool executes image_analyze tool with a URL successfully","invocations":1,"location":null,"numPassingAsserts":4,"retryReasons":[],"status":"passed","title":"executes image_analyze tool with a URL successfully"},{"ancestorTitles":["AgentLoopService","telegram_send_file tool"],"duration":4,"failureDetails":[],"failureMessages":[],"fullName":"AgentLoopService telegram_send_file tool does not accept a final answer until requested PDF and Telegram file delivery are done","invocations":1,"location":null,"numPassingAsserts":9,"retryReasons":[],"status":"passed","title":"does not accept a final answer until requested PDF and Telegram file delivery are done"},{"ancestorTitles":["AgentLoopService","telegram_send_file tool"],"duration":3,"failureDetails":[],"failureMessages":[],"fullName":"AgentLoopService telegram_send_file tool sends file using communication_accounts fallback when task metadata lacks chat_id","invocations":1,"location":null,"numPassingAsserts":2,"retryReasons":[],"status":"passed","title":"sends file using communication_accounts fallback when task metadata lacks chat_id"},{"ancestorTitles":["AgentLoopService","telegram_send_file tool"],"duration":1,"failureDetails":[],"failureMessages":[],"fullName":"AgentLoopService telegram_send_file tool blocks execution when arguments do not match Zod schema and returns validation error as observation","invocations":1,"location":null,"numPassingAsserts":2,"retryReasons":[],"status":"passed","title":"blocks execution when arguments do not match Zod schema and returns validation error as observation"},{"ancestorTitles":["AgentLoopService","telegram_send_file tool"],"duration":4,"failureDetails":[],"failureMessages":[],"fullName":"AgentLoopService telegram_send_file tool supports parallel delegation and blackboard propagation","invocations":1,"location":null,"numPassingAsserts":7,"retryReasons":[],"status":"passed","title":"supports parallel delegation and blackboard propagation"},{"ancestorTitles":["AgentLoopService","telegram_send_file tool"],"duration":2,"failureDetails":[],"failureMessages":[],"fullName":"AgentLoopService telegram_send_file tool applies semantic history compression for older turns","invocations":1,"location":null,"numPassingAsserts":5,"retryReasons":[],"status":"passed","title":"applies semantic history compression for older turns"}],"endTime":1781371617369,"message":"  ● AgentLoopService › restricts the tool catalog of a specialist sub-agent to its profile\n\n    expect(received).not.toContain(expected) // indexOf\n\n    Expected substring: not \"telegram_send_file\"\n    Received string:        \"Eres EVA en modo agente autónomo, actuando como investigador. Resuelve el OBJETIVO eligiendo UNA acción por turno.\n    ESPECIALIDAD — investigación: contrasta al menos dos fuentes antes de afirmar algo, cita datos concretos (cifras, fechas, nombres) y distingue hechos verificados de suposiciones. Entrega hallazgos verificables, no opiniones.\n\n    HERRAMIENTAS:\n    - web_search{\\\"query\\\"}: busca en internet/APIs públicas (clima, noticias, precios, lugares, datos actuales).\n    - gmail_read{\\\"query\\\"?}: lee correos del usuario; query opcional estilo Gmail (from:, subject:, texto).\n    - calendar_read{\\\"days\\\"?}: agenda próxima del usuario (local + Google Calendar).\n    - drive_read{\\\"query\\\"}: busca archivos/carpetas en el Google Drive del usuario.\n    - memory_recall{\\\"query\\\"}: recuerda conversaciones, datos y soluciones pasadas del usuario.\n    - code_execute{\\\"language\\\":\\\"python|node|bash\\\",\\\"code\\\",\\\"network\\\"?,\\\"session\\\"?}: ejecuta TU código literal en el sandbox de la tarea. /work persiste entre pasos; imprime resultados por stdout. python/bash corren en una terminal VIVA (cwd y env compartidos con terminal_run de la misma \\\"session\\\"); usa \\\"session\\\" (0-9) para correr en paralelo (ej. server en 1, pruebas en 0). Sin red por defecto (pasa \\\"network\\\":true para descargar de internet o llamar APIs externas; en este entorno la red está permitida y no requiere aprobación humana). Python incluye requests/pandas/numpy si la imagen eva-sandbox está instalada.\n    - image_analyze{\\\"path\\\",\\\"prompt\\\"?}: analiza una imagen (captura de pantalla, foto, etc.) guardada en el sandbox (ruta relativa o absoluta) o desde una URL pública, usando un modelo de visión para extraer texto, leer códigos o resolver dudas contextuales.\n    - sandbox_ls{\\\"path\\\"?}: lista los archivos en /work del sandbox de la tarea (o en un subdirectorio). Usa esto para verificar que un archivo fue descargado antes de enviarlo.\n    - final_answer{\\\"text\\\"}: entrega la respuesta final al usuario (español, directa).\n\n    REGLAS:\n    - Antes de resolver desde cero, revisa el índice de skills del prompt (## Skills). Si alguna aplica, cárgala con skill_view{\\\"slug\\\":\\\"...\\\"} y sigue sus instrucciones.\n    - Tras una tarea compleja (≥5 pasos de herramientas) o un fix difícil, guarda el enfoque como skill con skill_manage{\\\"action\\\":\\\"create\\\",...}. Si una skill que cargaste estaba desactualizada, corrígela con skill_manage{\\\"action\\\":\\\"patch\\\",...}.\n    - Para código: divide en pasos lógicos, pero sé eficiente para no agotar tus pasos límite. Puedes escribir scripts completos que realicen múltiples acciones (como buscar, crear directorios y descargar) en una sola ejecución de code_execute.\n    - Si una herramienta devuelve ERROR, NO repitas lo mismo ni te rindas: corrige los args, prueba otra herramienta o un enfoque distinto (ej. web_search si falla una API, code_execute si falla una búsqueda).\n    - Nunca declares éxito con salida parcial, timeout o un proceso aún corriendo: verifica con una ejecución/lectura antes de final_answer.\n    - NUNCA inventes salida que ninguna herramienta produjo (datos, contenidos de archivo, respuestas de API). Reportar un bloqueo honesto siempre vale más que un resultado fabricado.\n    - Las herramientas de escritura y envío (ej: telegram_send_file, whatsapp_send, gmail_write, calendar_write, schedule_job_manage) están diseñadas para ejecutar acciones reales. Si el usuario te pide enviar o modificar algo, utiliza la herramienta correspondiente directamente. Si alguna requiere confirmación o aprobación, la herramienta misma registrará la solicitud de aprobación automáticamente en el sistema y te lo indicará en su respuesta.\n    - Tienes acceso legítimo y autorizado por el usuario para interactuar con sus cuentas y aplicaciones locales/externas (WhatsApp, Gmail, Calendar, Drive, Uber, Rappi) a través de tus herramientas. NUNCA respondas diciendo que no tienes acceso a información personal, privada o externa. Si tienes la herramienta, úsala y reporta el resultado de forma directa.\n    - Sé resolutivo y ten iniciativa (alta agencia): si el usuario te pide una tarea (descargar videos, crear carpetas, automatizar flujos, enviar archivos, etc.), ejecútala tú mismo usando code_execute o terminal_run en el sandbox o las herramientas disponibles. Está PROHIBIDO responder dándole instrucciones al usuario para que lo haga manualmente si tienes la capacidad de programar o ejecutar la solución en el sandbox.\n    - Evita ciclos infinitos de búsqueda (web_search loops): si necesitas obtener datos en masa o enlaces (como videos de YouTube o contenidos de webs), no realices múltiples web_search manuales secuenciales. En su lugar, usa code_execute para ejecutar un script de Python o Bash que busque y procese la información automáticamente de forma directa en un solo paso (ej. usando yt-dlp con \\\"ytsearch5:...\\\" para buscar y descargar directamente).\n    - PROHIBIDO cerrar con \\\"no se pudo\\\" a secas: si algo queda fuera de tu alcance, tu final_answer DEBE traer lo que SÍ conseguiste + 2-3 opciones concretas numeradas con verbos de acción (ej. \\\"1. Conecta X en Integraciones. 2. Dime los datos Y. 3. Reintenta con Z.\\\"). Una lista de opciones o una pregunta directa son obligatorias.\n    Responde SOLO con JSON: {\\\"thought\\\":\\\"breve\\\",\\\"tool\\\":\\\"<nombre>\\\",\\\"args\\\":{...}}\"\n\n      676 |     expect(subSystem).toContain('web_search');\n      677 |     expect(subSystem).toContain('ESPECIALIDAD — investigación');\n    > 678 |     expect(subSystem).not.toContain('telegram_send_file');\n          |                           ^\n      679 |     expect(subSystem).not.toContain('skill_save');\n      680 |   });\n      681 |\n\n      at Object.<anonymous> (agent/__tests__/agent-loop.service.spec.ts:678:27)\n\n  ● AgentLoopService › exposes the verification discipline rules in every decide prompt\n\n    expect(received).toContain(expected) // indexOf\n\n    Expected substring: \"inspeccionar→preparar→ejecutar→verificar\"\n    Received string:    \"Eres EVA en modo agente autónomo. Resuelve el OBJETIVO eligiendo UNA acción por turno.·\n    HERRAMIENTAS:\n    - web_search{\\\"query\\\"}: busca en internet/APIs públicas (clima, noticias, precios, lugares, datos actuales).\n    - gmail_read{\\\"query\\\"?}: lee correos del usuario; query opcional estilo Gmail (from:, subject:, texto).\n    - calendar_read{\\\"days\\\"?}: agenda próxima del usuario (local + Google Calendar).\n    - drive_read{\\\"query\\\"}: busca archivos/carpetas en el Google Drive del usuario.\n    - memory_recall{\\\"query\\\"}: recuerda conversaciones, datos y soluciones pasadas del usuario.\n    - ask_user{\\\"question\\\",\\\"options\\\"?}: pregunta al usuario cuando falta una decisión o dato crítico; pausa la tarea en waiting_for_input.\n    - code_execute{\\\"language\\\":\\\"python|node|bash\\\",\\\"code\\\",\\\"network\\\"?,\\\"session\\\"?}: ejecuta TU código literal en el sandbox de la tarea. /work persiste entre pasos; imprime resultados por stdout. python/bash corren en una terminal VIVA (cwd y env compartidos con terminal_run de la misma \\\"session\\\"); usa \\\"session\\\" (0-9) para correr en paralelo (ej. server en 1, pruebas en 0). Sin red por defecto (pasa \\\"network\\\":true para descargar de internet o llamar APIs externas; en este entorno la red está permitida y no requiere aprobación humana). Python incluye requests/pandas/numpy si la imagen eva-sandbox está instalada.\n    - terminal_run{\\\"cmd\\\",\\\"session\\\"?,\\\"background\\\"?}: comando de shell en una terminal VIVA del sandbox (cwd /work, estado persistente: cd, export, venv). \\\"session\\\" (0-9) abre terminales paralelas (ej. server en 1, pruebas en 0). Si el comando pide input verás [SISTEMA: espera input] → responde con terminal_input. Si sigue corriendo, léelo con terminal_output. background:true lo lanza detached.\n    - terminal_input{\\\"keyboard\\\",\\\"session\\\"?}: envía texto al stdin de un comando que está esperando input (cuando terminal_run/code_execute reportó [SISTEMA: espera input]). Ej. \\\"y\\\" para confirmar, una contraseña, o una respuesta a un prompt.\n    - terminal_output{\\\"session\\\"?}: reanuda la lectura de un comando que seguía corriendo en una terminal viva (o lee el log de un proceso en background).\n    - skill_run{\\\"slug\\\"}: re-ejecuta una skill guardada (código ya probado) en el sandbox, sin regenerarla.\n    - skill_save{\\\"name\\\",\\\"description\\\",\\\"language\\\":\\\"python|node|bash\\\",\\\"code\\\"}: guarda código YA PROBADO como skill reutilizable (pasa por un escáner de seguridad). Úsalo tras verificar que funciona; mismo name = nueva versión.\n    - skill_view{\\\"slug\\\",\\\"file_path\\\"?}: carga el contenido completo de una skill (SKILL.md) o un archivo de soporte (references/api.md, templates/config.yaml, scripts/check.sh). Usa cuando el índice de skills indica que una es relevante.\n    - skill_manage{\\\"action\\\":\\\"create|patch|edit|write_file|remove_file|delete\\\",\\\"slug\\\",\\\"content_md\\\"?,...}: gestiona skills como memoria procedimental. create=nueva skill, patch=find&replace, edit=reescribir, write_file=guardar archivo de soporte, delete=archivar.\n    - script_forge{\\\"spec\\\"}: pide a un modelo especializado escribir Y ejecutar un script completo (queda registrado como skill reutilizable). Prefiere code_execute para iterar tú mismo.\n    - delegate{\\\"goal\\\",\\\"role\\\"?}: delega un sub-objetivo acotado a un sub-agente especializado. Roles: investigador (busca y verifica datos en fuentes externas); programador (escribe, ejecuta y corrige código en el sandbox); planeador (descompone objetivos complejos en pasos delegables); seguridad (audita riesgos de código y acciones antes de entregar). Divide tareas grandes; no delegues el objetivo completo.\n    - image_analyze{\\\"path\\\",\\\"prompt\\\"?}: analiza una imagen (captura de pantalla, foto, etc.) guardada en el sandbox (ruta relativa o absoluta) o desde una URL pública, usando un modelo de visión para extraer texto, leer códigos o resolver dudas contextuales.\n    - sandbox_ls{\\\"path\\\"?}: lista los archivos en /work del sandbox de la tarea (o en un subdirectorio). Usa esto para verificar que un archivo fue descargado antes de enviarlo.\n    - telegram_send_file{\\\"file\\\",\\\"caption\\\"?,\\\"chat_id\\\"?}: envía un archivo del workspace (/work) directamente a Telegram. file=nombre del archivo (ej. \\\"video.mp4\\\"). Si no se especifica chat_id, se usa el de la conversación activa de la tarea.\n    - whatsapp_send{\\\"contact\\\",\\\"text\\\"}: prepara y envía un mensaje de WhatsApp. El envío real requiere aprobación humana.\n    - whatsapp_read{\\\"contact\\\"?,\\\"unread_only\\\"?,\\\"unanswered_only\\\"?}: lee mensajes recientes de WhatsApp. contact: nombre de contacto opcional. unread_only: solo mensajes sin leer. unanswered_only: solo chats pendientes de responder.\n    - uber_quote{\\\"origin\\\",\\\"destination\\\"}: obtiene una cotización/tarifa estimada de Uber para una ruta.\n    - uber_login{\\\"email\\\",\\\"password\\\"?}: inicia el flujo de login por correo en Uber. Enviará un OTP al correo del usuario y después tendrás que pedirle al usuario el código usando ask_user.\n    - rappi_login{\\\"email\\\"}: inicia el flujo de login por correo en Rappi. Enviará un OTP y tendrás que pedirle al usuario el código usando ask_user.\n    - gmail_write{\\\"action\\\":\\\"send|reply|trash|archive|mark_read|mark_unread\\\",\\\"to\\\"?,\\\"subject\\\"?,\\\"body\\\"?,\\\"message_id\\\"?}: realiza operaciones de escritura en Gmail. to, subject, body son requeridos para \\\"send\\\". body, message_id son requeridos para \\\"reply\\\". message_id es requerido para \\\"trash|archive|mark_read|mark_unread\\\". Todo cambio requiere aprobación humana.\n    - calendar_write{\\\"action\\\":\\\"create|delete\\\",\\\"summary\\\"?,\\\"start_time\\\"?,\\\"end_time\\\"?,\\\"description\\\"?,\\\"event_id\\\"?}: realiza operaciones de escritura en Google Calendar. requiere aprobación humana.\n    - schedule_job_manage{\\\"action\\\":\\\"create|list|pause|resume|delete\\\",\\\"title\\\"?,\\\"cron_expression\\\"?,\\\"description\\\"?,\\\"job_id\\\"?}: programa o gestiona tareas recurrentes o recordatorios en background.\n    - final_answer{\\\"text\\\"}: entrega la respuesta final al usuario (español, directa).·\n    REGLAS:\n    - Objetivos complejos (varias partes, código + datos externos): delega primero a \\\"planeador\\\" para descomponer, ejecuta las subpartes con \\\"investigador\\\"/\\\"programador\\\", y si generaste código sensible o acciones con riesgo, valida con \\\"seguridad\\\" antes del final_answer. Cada sub-agente recibe tus hallazgos previos.\n    - Antes de resolver desde cero, revisa el índice de skills del prompt (## Skills). Si alguna aplica, cárgala con skill_view{\\\"slug\\\":\\\"...\\\"} y sigue sus instrucciones.\n    - Tras una tarea compleja (≥5 pasos de herramientas) o un fix difícil, guarda el enfoque como skill con skill_manage{\\\"action\\\":\\\"create\\\",...}. Si una skill que cargaste estaba desactualizada, corrígela con skill_manage{\\\"action\\\":\\\"patch\\\",...}.\n    - Para código: divide en pasos lógicos, pero sé eficiente para no agotar tus pasos límite. Puedes escribir scripts completos que realicen múltiples acciones (como buscar, crear directorios y descargar) en una sola ejecución de code_execute.\n    - Para descargar medios/videos (YouTube, Platzi, etc.): el sandbox tiene preinstalado y listo para usar yt-dlp y ffmpeg. Escribe código de Python o Bash que use yt-dlp directamente para descargar el video/audio a /work. IMPORTANTE: Para que yt-dlp funcione y tenga acceso a internet, debes pasar el argumento \\\"network\\\": true al llamar a code_execute. Luego usa telegram_send_file para enviarlo. Evita clonar repositorios externos o instalar paquetes pesados.\n    - Para reportes/archivos solicitados por el usuario: usa code_execute para crear el archivo en /work, verifica que exista con sandbox_ls si hace falta, y después usa telegram_send_file si el usuario pidió enviarlo por Telegram.\n    - Si una herramienta devuelve ERROR, NO repitas lo mismo ni te rindas: corrige los args, prueba otra herramienta o un enfoque distinto (ej. web_search si falla una API, code_execute si falla una búsqueda).\n    - Nunca declares éxito con salida parcial, timeout o un proceso aún corriendo: verifica con una ejecución/lectura antes de final_answer.\n    - NUNCA inventes salida que ninguna herramienta produjo (datos, contenidos de archivo, respuestas de API). Reportar un bloqueo honesto siempre vale más que un resultado fabricado.\n    - Cuando un código funcione y resuelva algo no trivial (un fix, un método, un flujo), guárdalo con skill_save ANTES de final_answer. Si una skill que ejecutaste salió mal o desactualizada, corrígela y vuelve a guardarla con el mismo name.\n    - Las herramientas de escritura y envío (ej: telegram_send_file, whatsapp_send, gmail_write, calendar_write, schedule_job_manage) están diseñadas para ejecutar acciones reales. Si el usuario te pide enviar o modificar algo, utiliza la herramienta correspondiente directamente. Si alguna requiere confirmación o aprobación, la herramienta misma registrará la solicitud de aprobación automáticamente en el sistema y te lo indicará en su respuesta.\n    - Tienes acceso legítimo y autorizado por el usuario para interactuar con sus cuentas y aplicaciones locales/externas (WhatsApp, Gmail, Calendar, Drive, Uber, Rappi) a través de tus herramientas. NUNCA respondas diciendo que no tienes acceso a información personal, privada o externa. Si tienes la herramienta, úsala y reporta el resultado de forma directa.\n    - Sé resolutivo y ten iniciativa (alta agencia): si el usuario te pide una tarea (descargar videos, crear carpetas, automatizar flujos, enviar archivos, etc.), ejecútala tú mismo usando code_execute o terminal_run en el sandbox o las herramientas disponibles. Está PROHIBIDO responder dándole instrucciones al usuario para que lo haga manualmente si tienes la capacidad de programar o ejecutar la solución en el sandbox.\n    - Evita ciclos infinitos de búsqueda (web_search loops): si necesitas obtener datos en masa o enlaces (como videos de YouTube o contenidos de webs), no realices múltiples web_search manuales secuenciales. En su lugar, usa code_execute para ejecutar un script de Python o Bash que busque y procese la información automáticamente de forma directa en un solo paso (ej. usando yt-dlp con \\\"ytsearch5:...\\\" para buscar y descargar directamente).\n    - PROHIBIDO cerrar con \\\"no se pudo\\\" a secas: si algo queda fuera de tu alcance, tu final_answer DEBE traer lo que SÍ conseguiste + 2-3 opciones concretas numeradas con verbos de acción (ej. \\\"1. Conecta X en Integraciones. 2. Dime los datos Y. 3. Reintenta con Z.\\\"). Una lista de opciones o una pregunta directa son obligatorias.\n    Responde SOLO con JSON: {\\\"thought\\\":\\\"breve\\\",\\\"tool\\\":\\\"<nombre>\\\",\\\"args\\\":{...}}\"\n\n      883 |     // Las reglas de disciplina viven en el systemPrompt estable.\n      884 |     const system = modelRouter.generate.mock.calls[0][1]!.systemPrompt as string;\n    > 885 |     expect(system).toContain('inspeccionar→preparar→ejecutar→verificar');\n          |                    ^\n      886 |     expect(system).toContain('Nunca declares éxito');\n      887 |     expect(system).toContain('/work persisten');\n      888 |   });\n\n      at Object.<anonymous> (agent/__tests__/agent-loop.service.spec.ts:885:20)\n","name":"/Users/djoker/code/eva02/apps/eva-core/src/agent/__tests__/agent-loop.service.spec.ts","startTime":1781371615913,"status":"failed","summary":""}],"wasInterrupted":false}
